2023-06-10T21:15:49.2652822 401 : [no body]
2023-06-10T21:16:16.3656372 401 : [no body]
2023-06-10T21:16:33.4349629 401 : [no body]
2023-06-10T21:17:35.0377556 401 : [no body]
2023-06-10T21:17:44.6892327 500 : [{"timestamp":"2023-06-11T01:17:44.684+00:00","status":500,"error":"Internal Server Error","message":"PreparedStatementCallback; SQL [INSERT INTO tenmo_user (username, password_hash) VALUES (?, ?) RETU... (528 bytes)]
2023-06-10T21:17:48.8492232 401 : [no body]
2023-06-10T21:17:59.7823788 401 : [no body]
2023-06-10T21:21:22.5636828 401 : [no body]
2023-06-10T21:21:27.8012978 401 : [no body]
2023-06-10T21:21:33.6148941 401 : [no body]
2023-06-10T21:21:38.2611063 500 : [{"timestamp":"2023-06-11T01:21:38.256+00:00","status":500,"error":"Internal Server Error","message":"PreparedStatementCallback; SQL [INSERT INTO tenmo_user (username, password_hash) VALUES (?, ?) RETU... (528 bytes)]
2023-06-10T21:27:11.3265946 401 : [no body]
2023-06-10T21:27:17.0299958 401 : [no body]
2023-06-10T21:28:05.5420135 405 : [{"timestamp":"2023-06-11T01:28:05.529+00:00","status":405,"error":"Method Not Allowed","message":"Request method 'POST' not supported","path":"/account/1011"}]
2023-06-10T21:28:05.5539816 405 : [{"timestamp":"2023-06-11T01:28:05.552+00:00","status":405,"error":"Method Not Allowed","message":"Request method 'POST' not supported","path":"/account/1010"}]
2023-06-10T21:28:05.5699389 404 : [{"timestamp":"2023-06-11T01:28:05.568+00:00","status":404,"error":"Not Found","message":"No message available","path":"/transfer/"}]
2023-06-10T21:33:27.643799 405 : [{"timestamp":"2023-06-11T01:33:27.578+00:00","status":405,"error":"Method Not Allowed","message":"Request method 'POST' not supported","path":"/account/1010"}]
2023-06-10T21:33:31.3315309 405 : [{"timestamp":"2023-06-11T01:33:31.325+00:00","status":405,"error":"Method Not Allowed","message":"Request method 'POST' not supported","path":"/account/1011"}]
2023-06-10T21:35:59.4431536 404 : [{"timestamp":"2023-06-11T01:35:59.430+00:00","status":404,"error":"Not Found","message":"No message available","path":"/transfer/"}]
2023-06-10T21:38:08.9051136 404 : [{"timestamp":"2023-06-11T01:38:08.904+00:00","status":404,"error":"Not Found","message":"No message available","path":"/transfer/"}]
2023-06-10T22:04:36.5442001 500 : [{"timestamp":"2023-06-11T02:04:36.529+00:00","status":500,"error":"Internal Server Error","message":"Cannot invoke \"com.techelevator.tenmo.model.Transfer.toString()\" because \"createdTransfer\" is null","path":"/transfers/"}]
2023-06-10T22:16:36.3603133 500 : [{"timestamp":"2023-06-11T02:16:36.343+00:00","status":500,"error":"Internal Server Error","message":"Cannot invoke \"com.techelevator.tenmo.model.Transfer.toString()\" because \"createdTransfer\" is null","path":"/transfers/"}]
2023-06-10T22:20:02.2309931 500 : [{"timestamp":"2023-06-11T02:20:02.212+00:00","status":500,"error":"Internal Server Error","message":"Cannot invoke \"com.techelevator.tenmo.model.Transfer.toString()\" because \"createdTransfer\" is null","path":"/transfers/"}]
2023-06-10T22:21:23.2430824 500 : [{"timestamp":"2023-06-11T02:21:23.241+00:00","status":500,"error":"Internal Server Error","message":"Cannot invoke \"com.techelevator.tenmo.model.Transfer.toString()\" because \"createdTransfer\" is null","path":"/transfers/"}]
2023-06-10T22:24:13.1014056 500 : [{"timestamp":"2023-06-11T02:24:13.100+00:00","status":500,"error":"Internal Server Error","message":"Cannot invoke \"com.techelevator.tenmo.model.Transfer.toString()\" because \"createdTransfer\" is null","path":"/transfers/"}]
2023-06-10T22:33:04.1645051 500 : [{"timestamp":"2023-06-11T02:33:04.163+00:00","status":500,"error":"Internal Server Error","message":"Cannot invoke \"com.techelevator.tenmo.model.Transfer.toString()\" because \"createdTransfer\" is null","path":"/transfers/"}]
